<?xml version="1.0" encoding="UTF-8"?>
<!-- Generated by org.testng.reporters.JUnitReportReporter -->
<testsuite hostname="Chinmay-Surface" failures="0" tests="2" name="tests.TestLoginLogout2" time="10.217" errors="0" timestamp="2022-07-29T11:29:14 EDT" skipped="0">
  <testcase classname="tests.TestLoginLogout2" name="testloginlogout" time="6.375"/>
  <system-out/>
  <testcase classname="tests.TestLoginLogout2" name="testloginlogout" time="3.842"/>
  <system-out/>
</testsuite> <!-- tests.TestLoginLogout2 -->
