<?xml version="1.0" encoding="UTF-8"?>
<!-- Generated by org.testng.reporters.JUnitReportReporter -->
<testsuite hostname="Chinmay-Surface" failures="0" tests="2" name="tests.Test2Testng" time="0.008" errors="0" timestamp="2022-07-28T16:13:54 EDT" skipped="0">
  <testcase classname="tests.Test2Testng" name="test3" time="0.004"/>
  <system-out/>
  <testcase classname="tests.Test2Testng" name="test4" time="0.004"/>
  <system-out/>
</testsuite> <!-- tests.Test2Testng -->
