<?xml version="1.0" encoding="UTF-8"?>
<!-- Generated by org.testng.reporters.JUnitReportReporter -->
<testsuite hostname="Chinmay-Surface" failures="0" tests="1" name="tests.Test1Testng" time="0.009" errors="0" timestamp="2022-07-28T16:13:54 EDT" skipped="0">
  <testcase classname="tests.Test1Testng" name="test1" time="0.009"/>
  <system-out/>
</testsuite> <!-- tests.Test1Testng -->
